<?xml version="1.0" encoding="UTF-8"?>
<!-- Generated by org.testng.reporters.JUnitXMLReporter -->
<testsuite ignored="0" hostname="LAPTOP-KVTVDHCK" failures="0" tests="3" name="Default test" time="44.396" errors="0" timestamp="2021-07-06T16:43:58 IST">
  <testcase classname="AmazonEcommerse.addToWishList" name="navigatingToProducts" time="8.755"/>
  <testcase classname="AmazonEcommerse.addToWishList" name="applyFilter" time="12.717"/>
  <testcase classname="AmazonEcommerse.addToWishList" name="addToWishL" time="12.322"/>
</testsuite> <!-- Default test -->
