<?xml version="1.0" encoding="UTF-8"?>
<testng-results ignored="0" total="7" passed="7" failed="0" skipped="0">
  <reporter-output>
  </reporter-output>
  <suite started-at="2021-07-06T18:20:46 IST" name="AMAZON E-COMMERCE" finished-at="2021-07-06T18:22:17 IST" duration-ms="90594">
    <groups>
    </groups>
    <test started-at="2021-07-06T18:20:46 IST" name="Add To Wish List" finished-at="2021-07-06T18:21:39 IST" duration-ms="52348">
      <class name="Amazon_test.addToWishList">
        <test-method is-config="true" signature="launchWebsite()[pri:0, instance:Amazon_test.addToWishList@72a7c7e0]" started-at="2021-07-06T18:20:46 IST" name="launchWebsite" finished-at="2021-07-06T18:20:56 IST" duration-ms="10008" status="PASS">
          <reporter-output>
          </reporter-output>
        </test-method> <!-- launchWebsite -->
        <test-method signature="navigatingToProducts()[pri:1, instance:Amazon_test.addToWishList@72a7c7e0]" started-at="2021-07-06T18:20:57 IST" name="navigatingToProducts" finished-at="2021-07-06T18:21:08 IST" duration-ms="11474" status="PASS">
          <reporter-output>
          </reporter-output>
        </test-method> <!-- navigatingToProducts -->
        <test-method signature="applyFilter()[pri:2, instance:Amazon_test.addToWishList@72a7c7e0]" started-at="2021-07-06T18:21:08 IST" name="applyFilter" finished-at="2021-07-06T18:21:23 IST" duration-ms="14891" status="PASS">
          <reporter-output>
          </reporter-output>
        </test-method> <!-- applyFilter -->
        <test-method signature="addToWishL()[pri:3, instance:Amazon_test.addToWishList@72a7c7e0]" started-at="2021-07-06T18:21:23 IST" name="addToWishL" finished-at="2021-07-06T18:21:39 IST" duration-ms="15892" status="PASS">
          <reporter-output>
          </reporter-output>
        </test-method> <!-- addToWishL -->
      </class> <!-- Amazon_test.addToWishList -->
    </test> <!-- Add To Wish List -->
    <test started-at="2021-07-06T18:21:39 IST" name="Select Item and check out" finished-at="2021-07-06T18:22:17 IST" duration-ms="38137">
      <class name="Amazon_test.selectandcheckout">
        <test-method is-config="true" signature="windowhandling()[pri:0, instance:Amazon_test.selectandcheckout@1ea9f6af]" started-at="2021-07-06T18:21:39 IST" name="windowhandling" finished-at="2021-07-06T18:21:39 IST" duration-ms="8" status="PASS">
          <reporter-output>
          </reporter-output>
        </test-method> <!-- windowhandling -->
        <test-method signature="searchProductUsingSearchBox()[pri:1, instance:Amazon_test.selectandcheckout@1ea9f6af]" started-at="2021-07-06T18:21:39 IST" name="searchProductUsingSearchBox" finished-at="2021-07-06T18:21:47 IST" duration-ms="7677" status="PASS">
          <reporter-output>
          </reporter-output>
        </test-method> <!-- searchProductUsingSearchBox -->
        <test-method signature="addToCart()[pri:2, instance:Amazon_test.selectandcheckout@1ea9f6af]" started-at="2021-07-06T18:21:47 IST" name="addToCart" finished-at="2021-07-06T18:21:55 IST" duration-ms="8744" status="PASS">
          <reporter-output>
          </reporter-output>
        </test-method> <!-- addToCart -->
        <test-method signature="addAddress()[pri:3, instance:Amazon_test.selectandcheckout@1ea9f6af]" started-at="2021-07-06T18:21:55 IST" name="addAddress" finished-at="2021-07-06T18:22:05 IST" duration-ms="9278" status="PASS">
          <reporter-output>
          </reporter-output>
        </test-method> <!-- addAddress -->
        <test-method signature="checkOut()[pri:4, instance:Amazon_test.selectandcheckout@1ea9f6af]" started-at="2021-07-06T18:22:05 IST" name="checkOut" finished-at="2021-07-06T18:22:17 IST" duration-ms="12415" status="PASS">
          <reporter-output>
          </reporter-output>
        </test-method> <!-- checkOut -->
        <test-method is-config="true" signature="closeWindow()[pri:0, instance:Amazon_test.selectandcheckout@1ea9f6af]" started-at="2021-07-06T18:22:17 IST" name="closeWindow" finished-at="2021-07-06T18:22:18 IST" duration-ms="624" status="PASS">
          <reporter-output>
          </reporter-output>
        </test-method> <!-- closeWindow -->
      </class> <!-- Amazon_test.selectandcheckout -->
    </test> <!-- Select Item and check out -->
  </suite> <!-- AMAZON E-COMMERCE -->
</testng-results>
