<?xml version="1.0" encoding="UTF-8"?>
<testng-results ignored="0" total="7" passed="6" failed="1" skipped="0">
  <reporter-output>
  </reporter-output>
  <suite started-at="2021-07-06T17:37:49 IST" name="AMAZON E-COMMERCE" finished-at="2021-07-06T17:38:58 IST" duration-ms="69092">
    <groups>
    </groups>
    <test started-at="2021-07-06T17:37:49 IST" name="Add To Wish List" finished-at="2021-07-06T17:38:33 IST" duration-ms="44925">
      <class name="AmazonEcommerse.addToWishList">
        <test-method is-config="true" signature="launchWebsite()[pri:0, instance:AmazonEcommerse.addToWishList@72a7c7e0]" started-at="2021-07-06T17:37:49 IST" name="launchWebsite" finished-at="2021-07-06T17:37:59 IST" duration-ms="10694" status="PASS">
          <reporter-output>
          </reporter-output>
        </test-method> <!-- launchWebsite -->
        <test-method signature="navigatingToProducts()[pri:1, instance:AmazonEcommerse.addToWishList@72a7c7e0]" started-at="2021-07-06T17:37:59 IST" name="navigatingToProducts" finished-at="2021-07-06T17:38:08 IST" duration-ms="8947" status="PASS">
          <reporter-output>
          </reporter-output>
        </test-method> <!-- navigatingToProducts -->
        <test-method signature="applyFilter()[pri:2, instance:AmazonEcommerse.addToWishList@72a7c7e0]" started-at="2021-07-06T17:38:08 IST" name="applyFilter" finished-at="2021-07-06T17:38:21 IST" duration-ms="12528" status="PASS">
          <reporter-output>
          </reporter-output>
        </test-method> <!-- applyFilter -->
        <test-method signature="addToWishL()[pri:3, instance:AmazonEcommerse.addToWishList@72a7c7e0]" started-at="2021-07-06T17:38:21 IST" name="addToWishL" finished-at="2021-07-06T17:38:33 IST" duration-ms="12695" status="PASS">
          <reporter-output>
          </reporter-output>
        </test-method> <!-- addToWishL -->
      </class> <!-- AmazonEcommerse.addToWishList -->
    </test> <!-- Add To Wish List -->
    <test started-at="2021-07-06T17:38:34 IST" name="Select Item and check out" finished-at="2021-07-06T17:38:58 IST" duration-ms="24072">
      <class name="AmazonEcommerse.selectandcheckout">
        <test-method is-config="true" signature="windowhandling()[pri:0, instance:AmazonEcommerse.selectandcheckout@6a192cfe]" started-at="2021-07-06T17:38:34 IST" name="windowhandling" finished-at="2021-07-06T17:38:34 IST" duration-ms="3" status="PASS">
          <reporter-output>
          </reporter-output>
        </test-method> <!-- windowhandling -->
        <test-method signature="searchProductUsingSearchBox()[pri:1, instance:AmazonEcommerse.selectandcheckout@6a192cfe]" started-at="2021-07-06T17:38:34 IST" name="searchProductUsingSearchBox" finished-at="2021-07-06T17:38:39 IST" duration-ms="5297" status="PASS">
          <reporter-output>
          </reporter-output>
        </test-method> <!-- searchProductUsingSearchBox -->
        <test-method signature="addToCart()[pri:2, instance:AmazonEcommerse.selectandcheckout@6a192cfe]" started-at="2021-07-06T17:38:39 IST" name="addToCart" finished-at="2021-07-06T17:38:48 IST" duration-ms="9297" status="PASS">
          <reporter-output>
          </reporter-output>
        </test-method> <!-- addToCart -->
        <test-method signature="addAddress()[pri:3, instance:AmazonEcommerse.selectandcheckout@6a192cfe]" started-at="2021-07-06T17:38:48 IST" name="addAddress" finished-at="2021-07-06T17:38:50 IST" duration-ms="2057" status="PASS">
          <reporter-output>
          </reporter-output>
        </test-method> <!-- addAddress -->
        <test-method signature="checkOut()[pri:4, instance:AmazonEcommerse.selectandcheckout@6a192cfe]" started-at="2021-07-06T17:38:50 IST" name="checkOut" finished-at="2021-07-06T17:38:58 IST" duration-ms="7397" status="FAIL">
          <exception class="org.openqa.selenium.NoSuchElementException">
            <message>
              <![CDATA[no such element: Unable to locate element: {"method":"xpath","selector":"//input[@id='pp-s1pSMP-118']"}
  (Session info: chrome=91.0.4472.124)
For documentation on this error, please visit: https://www.seleniumhq.org/exceptions/no_such_element.html
Build info: version: '3.141.59', revision: 'e82be7d358', time: '2018-11-14T08:17:03'
System info: host: 'LAPTOP-KVTVDHCK', ip: '192.168.0.107', os.name: 'Windows 10', os.arch: 'amd64', os.version: '10.0', java.version: '16.0.1'
Driver info: org.openqa.selenium.chrome.ChromeDriver
Capabilities {acceptInsecureCerts: false, browserName: chrome, browserVersion: 91.0.4472.124, chrome: {chromedriverVersion: 90.0.4430.24 (4c6d850f087da..., userDataDir: C:\Users\shrey\AppData\Loca...}, goog:chromeOptions: {debuggerAddress: localhost:50106}, javascriptEnabled: true, networkConnectionEnabled: false, pageLoadStrategy: normal, platform: WINDOWS, platformName: WINDOWS, proxy: Proxy(), setWindowRect: true, strictFileInteractability: false, timeouts: {implicit: 0, pageLoad: 300000, script: 30000}, unhandledPromptBehavior: dismiss and notify, webauthn:extension:largeBlob: true, webauthn:virtualAuthenticators: true}
Session ID: d82838a0954cb42bdfa9a91d842dfd43
*** Element info: {Using=xpath, value=//input[@id='pp-s1pSMP-118']}]]>
            </message>
            <full-stacktrace>
              <![CDATA[org.openqa.selenium.NoSuchElementException: no such element: Unable to locate element: {"method":"xpath","selector":"//input[@id='pp-s1pSMP-118']"}
  (Session info: chrome=91.0.4472.124)
For documentation on this error, please visit: https://www.seleniumhq.org/exceptions/no_such_element.html
Build info: version: '3.141.59', revision: 'e82be7d358', time: '2018-11-14T08:17:03'
System info: host: 'LAPTOP-KVTVDHCK', ip: '192.168.0.107', os.name: 'Windows 10', os.arch: 'amd64', os.version: '10.0', java.version: '16.0.1'
Driver info: org.openqa.selenium.chrome.ChromeDriver
Capabilities {acceptInsecureCerts: false, browserName: chrome, browserVersion: 91.0.4472.124, chrome: {chromedriverVersion: 90.0.4430.24 (4c6d850f087da..., userDataDir: C:\Users\shrey\AppData\Loca...}, goog:chromeOptions: {debuggerAddress: localhost:50106}, javascriptEnabled: true, networkConnectionEnabled: false, pageLoadStrategy: normal, platform: WINDOWS, platformName: WINDOWS, proxy: Proxy(), setWindowRect: true, strictFileInteractability: false, timeouts: {implicit: 0, pageLoad: 300000, script: 30000}, unhandledPromptBehavior: dismiss and notify, webauthn:extension:largeBlob: true, webauthn:virtualAuthenticators: true}
Session ID: d82838a0954cb42bdfa9a91d842dfd43
*** Element info: {Using=xpath, value=//input[@id='pp-s1pSMP-118']}
at java.base/jdk.internal.reflect.NativeConstructorAccessorImpl.newInstance0(Native Method)
at java.base/jdk.internal.reflect.NativeConstructorAccessorImpl.newInstance(NativeConstructorAccessorImpl.java:78)
at java.base/jdk.internal.reflect.DelegatingConstructorAccessorImpl.newInstance(DelegatingConstructorAccessorImpl.java:45)
at java.base/java.lang.reflect.Constructor.newInstanceWithCaller(Constructor.java:499)
at java.base/java.lang.reflect.Constructor.newInstance(Constructor.java:480)
at org.openqa.selenium.remote.http.W3CHttpResponseCodec.createException(W3CHttpResponseCodec.java:187)
at org.openqa.selenium.remote.http.W3CHttpResponseCodec.decode(W3CHttpResponseCodec.java:122)
at org.openqa.selenium.remote.http.W3CHttpResponseCodec.decode(W3CHttpResponseCodec.java:49)
at org.openqa.selenium.remote.HttpCommandExecutor.execute(HttpCommandExecutor.java:158)
at org.openqa.selenium.remote.service.DriverCommandExecutor.execute(DriverCommandExecutor.java:83)
at org.openqa.selenium.remote.RemoteWebDriver.execute(RemoteWebDriver.java:552)
at org.openqa.selenium.remote.RemoteWebDriver.findElement(RemoteWebDriver.java:323)
at org.openqa.selenium.remote.RemoteWebDriver.findElementByXPath(RemoteWebDriver.java:428)
at org.openqa.selenium.By$ByXPath.findElement(By.java:353)
at org.openqa.selenium.remote.RemoteWebDriver.findElement(RemoteWebDriver.java:315)
at AmazonEcommerse.selectandcheckout.checkOut(selectandcheckout.java:105)
at java.base/jdk.internal.reflect.NativeMethodAccessorImpl.invoke0(Native Method)
at java.base/jdk.internal.reflect.NativeMethodAccessorImpl.invoke(NativeMethodAccessorImpl.java:78)
at java.base/jdk.internal.reflect.DelegatingMethodAccessorImpl.invoke(DelegatingMethodAccessorImpl.java:43)
at java.base/java.lang.reflect.Method.invoke(Method.java:567)
at org.testng.internal.MethodInvocationHelper.invokeMethod(MethodInvocationHelper.java:133)
at org.testng.internal.TestInvoker.invokeMethod(TestInvoker.java:598)
at org.testng.internal.TestInvoker.invokeTestMethod(TestInvoker.java:173)
at org.testng.internal.MethodRunner.runInSequence(MethodRunner.java:46)
at org.testng.internal.TestInvoker$MethodInvocationAgent.invoke(TestInvoker.java:824)
at org.testng.internal.TestInvoker.invokeTestMethods(TestInvoker.java:146)
at org.testng.internal.TestMethodWorker.invokeTestMethods(TestMethodWorker.java:146)
at org.testng.internal.TestMethodWorker.run(TestMethodWorker.java:128)
at java.base/java.util.concurrent.ThreadPoolExecutor.runWorker(ThreadPoolExecutor.java:1130)
at java.base/java.util.concurrent.ThreadPoolExecutor$Worker.run(ThreadPoolExecutor.java:630)
at java.base/java.lang.Thread.run(Thread.java:831)
]]>
            </full-stacktrace>
          </exception> <!-- org.openqa.selenium.NoSuchElementException -->
          <reporter-output>
          </reporter-output>
        </test-method> <!-- checkOut -->
        <test-method is-config="true" signature="closeWindow()[pri:0, instance:AmazonEcommerse.selectandcheckout@6a192cfe]" started-at="2021-07-06T17:38:58 IST" name="closeWindow" finished-at="2021-07-06T17:38:59 IST" duration-ms="1352" status="PASS">
          <reporter-output>
          </reporter-output>
        </test-method> <!-- closeWindow -->
      </class> <!-- AmazonEcommerse.selectandcheckout -->
    </test> <!-- Select Item and check out -->
  </suite> <!-- AMAZON E-COMMERCE -->
</testng-results>
