<?xml version="1.0" encoding="UTF-8"?>
<!-- Generated by org.testng.reporters.JUnitXMLReporter -->
<testsuite ignored="1" hostname="LAPTOP-KVTVDHCK" failures="0" tests="2" name="Test" time="0.09" errors="0" timestamp="2021-06-30T17:01:31 IST">
  <testcase classname="project.MavenProjectTest.Annotations" name="Test1" time="0.021"/>
  <testcase classname="project.MavenProjectTest.Annotations" name="Test2" time="0.001"/>
  <testcase classname="project.MavenProjectTest.Annotations" name="Test3" time="0.0">
    <ignored/>
  </testcase> <!-- Test3 -->
</testsuite> <!-- Test -->
