<?xml version="1.0" encoding="UTF-8"?>
<!-- Generated by org.testng.reporters.JUnitXMLReporter -->
<testsuite ignored="0" hostname="LAPTOP-KVTVDHCK" failures="0" tests="3" name="Add To Wish List" time="44.925" errors="0" timestamp="2021-07-06T17:38:34 IST">
  <testcase classname="AmazonEcommerse.addToWishList" name="navigatingToProducts" time="8.947"/>
  <testcase classname="AmazonEcommerse.addToWishList" name="applyFilter" time="12.528"/>
  <testcase classname="AmazonEcommerse.addToWishList" name="addToWishL" time="12.695"/>
</testsuite> <!-- Add To Wish List -->
