<?xml version="1.0" encoding="UTF-8"?>
<!-- Generated by org.testng.reporters.JUnitXMLReporter -->
<testsuite ignored="0" hostname="LAPTOP-KVTVDHCK" failures="0" tests="3" name="Add To Wish List" time="52.348" errors="0" timestamp="2021-07-06T18:21:39 IST">
  <testcase classname="Amazon_test.addToWishList" name="navigatingToProducts" time="11.474"/>
  <testcase classname="Amazon_test.addToWishList" name="applyFilter" time="14.891"/>
  <testcase classname="Amazon_test.addToWishList" name="addToWishL" time="15.892"/>
</testsuite> <!-- Add To Wish List -->
