<?xml version="1.0" encoding="UTF-8"?>
<!-- Generated by org.testng.reporters.JUnitXMLReporter -->
<testsuite ignored="0" hostname="LAPTOP-KVTVDHCK" failures="0" tests="4" name="Select Item and check out" time="38.137" errors="0" timestamp="2021-07-06T18:22:17 IST">
  <testcase classname="Amazon_test.selectandcheckout" name="searchProductUsingSearchBox" time="7.677"/>
  <testcase classname="Amazon_test.selectandcheckout" name="addToCart" time="8.744"/>
  <testcase classname="Amazon_test.selectandcheckout" name="addAddress" time="9.278"/>
  <testcase classname="Amazon_test.selectandcheckout" name="checkOut" time="12.415"/>
</testsuite> <!-- Select Item and check out -->
